Oct-10 13:38:17.996 [main] DEBUG nextflow.cli.Launcher - $> nextflow run nf-core/differentialabundance -r 1.5.0 -profile docker -params-file /home/adoig/Documents/GitHub/RNASeq/HB/differential_abundance/SecondHBRNASeqDiffAbun20241010/rna_seq_param.json
Oct-10 13:38:18.046 [main] DEBUG nextflow.cli.CmdRun - N E X T F L O W  ~  version 24.04.4
Oct-10 13:38:18.057 [main] DEBUG nextflow.plugin.PluginsFacade - Setting up plugin manager > mode=prod; embedded=false; plugins-dir=/root/.nextflow/plugins; core-plugins: nf-amazon@2.5.3,nf-azure@1.6.1,nf-cloudcache@0.4.1,nf-codecommit@0.2.1,nf-console@1.1.3,nf-ga4gh@1.3.0,nf-google@1.13.2-patch1,nf-tower@1.9.1,nf-wave@1.4.2-patch1
Oct-10 13:38:18.062 [main] INFO  o.pf4j.DefaultPluginStatusProvider - Enabled plugins: []
Oct-10 13:38:18.063 [main] INFO  o.pf4j.DefaultPluginStatusProvider - Disabled plugins: []
Oct-10 13:38:18.064 [main] INFO  org.pf4j.DefaultPluginManager - PF4J version 3.12.0 in 'deployment' mode
Oct-10 13:38:18.071 [main] INFO  org.pf4j.AbstractPluginManager - No plugins
Oct-10 13:38:18.078 [main] DEBUG nextflow.scm.ProviderConfig - Using SCM config path: /root/.nextflow/scm
Oct-10 13:38:18.547 [main] DEBUG nextflow.scm.AssetManager - Git config: /root/.nextflow/assets/nf-core/differentialabundance/.git/config; branch: master; remote: origin; url: https://github.com/nf-core/differentialabundance.git
Oct-10 13:38:18.562 [main] DEBUG nextflow.scm.RepositoryFactory - Found Git repository result: [RepositoryFactory]
Oct-10 13:38:18.567 [main] DEBUG nextflow.scm.AssetManager - Git config: /root/.nextflow/assets/nf-core/differentialabundance/.git/config; branch: master; remote: origin; url: https://github.com/nf-core/differentialabundance.git
Oct-10 13:38:19.074 [main] DEBUG nextflow.config.ConfigBuilder - Found config base: /root/.nextflow/assets/nf-core/differentialabundance/nextflow.config
Oct-10 13:38:19.075 [main] DEBUG nextflow.config.ConfigBuilder - Parsing config file: /root/.nextflow/assets/nf-core/differentialabundance/nextflow.config
Oct-10 13:38:19.079 [main] DEBUG n.secret.LocalSecretsProvider - Secrets store: /root/.nextflow/secrets/store.json
Oct-10 13:38:19.080 [main] DEBUG nextflow.secret.SecretsLoader - Discovered secrets providers: [nextflow.secret.LocalSecretsProvider@93501be] - activable => nextflow.secret.LocalSecretsProvider@93501be
Oct-10 13:38:19.089 [main] DEBUG nextflow.config.ConfigBuilder - Applying config profile: `docker`
Oct-10 13:38:19.769 [main] DEBUG nextflow.config.ConfigBuilder - Available config profiles: [bih, cfc_dev, uzl_omics, ifb_core, embl_hd, denbi_qbic, alice, mjolnir_globe, uppmax, maxquant, incliva, ilifu, uge, rosalind_uge, lugh, mccleary, unibe_ibu, vai, soft, test_soft, czbiohub_aws, jax, roslin, ccga_med, tes, scw, unc_longleaf, tigem, tubingen_apg, google, apollo, ipop_up, vsc_calcua, pdc_kth, googlels, stjude, daisybio, eddie, medair, biowulf, test_maxquant, apptainer, bi, bigpurple, adcra, cedars, pawsey_setonix, vsc_kul_uhasselt, pawsey_nimbus, ucl_myriad, utd_ganymede, charliecloud, icr_davros, ceres, munin, arm, rosalind, rnaseq, hasta, cfc, uzh, ebi_codon_slurm, ebc, ccga_dx, crick, ku_sund_danhead, marvin, biohpc_gen, shifter, mana, mamba, york_viking, unc_lccc, wehi, awsbatch, wustl_htcf, arcc, imperial, maestro, software_license, genotoul, nci_gadi, abims, janelia, nu_genomics, googlebatch, oist, sahmri, affy, mpcdf, leicester, vsc_ugent, create, sage, cambridge, jex, podman, ebi_codon, cheaha, xanadu, nyu_hpc, test, marjorie, computerome, ucd_sonic, seg_globe, sanger, dkfz, bluebear, pasteur, einstein, ethz_euler, m3c, test_full, imb, ucl_cscluster, tuos_stanage, azurebatch, hki, crukmi, csiro_petrichor, qmul_apocrita, docker, engaging, gis, hypatia, psmn, eva, nygc, test_nogtf, fgcz, conda, crg, singularity, mpcdf_viper, pe2, self_hosted_runner, tufts, uw_hyak_pedslabs, debug, test_affy, genouest, cbe, phoenix, gitpod, seawulf, uod_hpc, fub_curta, uct_hpc, aws_tower, binac]
Oct-10 13:38:19.789 [main] DEBUG nextflow.cli.CmdRun - Applied DSL=2 from script declaration
Oct-10 13:38:19.790 [main] DEBUG nextflow.cli.CmdRun - Launching `https://github.com/nf-core/differentialabundance` [jovial_hugle] DSL2 - revision: 3dd360fed0 [1.5.0]
Oct-10 13:38:19.790 [main] DEBUG nextflow.plugin.PluginsFacade - Plugins declared=[nf-validation@1.1.3]
Oct-10 13:38:19.791 [main] DEBUG nextflow.plugin.PluginsFacade - Plugins default=[]
Oct-10 13:38:19.791 [main] DEBUG nextflow.plugin.PluginsFacade - Plugins resolved requirement=[nf-validation@1.1.3]
Oct-10 13:38:19.791 [main] DEBUG nextflow.plugin.PluginUpdater - Installing plugin nf-validation version: 1.1.3
Oct-10 13:38:19.795 [main] INFO  org.pf4j.AbstractPluginManager - Plugin 'nf-validation@1.1.3' resolved
Oct-10 13:38:19.795 [main] INFO  org.pf4j.AbstractPluginManager - Start plugin 'nf-validation@1.1.3'
Oct-10 13:38:19.798 [main] DEBUG nextflow.plugin.BasePlugin - Plugin started nf-validation@1.1.3
Oct-10 13:38:19.828 [main] DEBUG nextflow.Session - Session UUID: 6872c699-bd32-4271-a08d-51deb9f58752
Oct-10 13:38:19.828 [main] DEBUG nextflow.Session - Run name: jovial_hugle
Oct-10 13:38:19.828 [main] DEBUG nextflow.Session - Executor pool size: 24
Oct-10 13:38:19.832 [main] DEBUG nextflow.file.FilePorter - File porter settings maxRetries=3; maxTransfers=50; pollTimeout=null
Oct-10 13:38:19.847 [main] DEBUG nextflow.cli.CmdRun - 
  Version: 24.04.4 build 5917
  Created: 01-08-2024 07:05 UTC (03:05 EDT)
  System: Linux 6.8.0-45-generic
  Runtime: Groovy 4.0.21 on OpenJDK 64-Bit Server VM 21.0.4+7-Ubuntu-1ubuntu224.04
  Encoding: UTF-8 (UTF-8)
  Process: 2395704@cray [127.0.1.1]
  CPUs: 24 - Mem: 94.1 GB (5.6 GB) - Swap: 8 GB (6.6 GB) - Virtual threads ON
Oct-10 13:38:19.854 [main] DEBUG nextflow.Session - Work-dir: /home/adoig/Documents/GitHub/RNASeq/HB/differential_abundance/SecondHBRNASeqDiffAbun20241010/work [ext2/ext3]
Oct-10 13:38:19.855 [main] DEBUG nextflow.Session - Script base path does not exist or is not a directory: /root/.nextflow/assets/nf-core/differentialabundance/bin
Oct-10 13:38:19.864 [main] DEBUG nextflow.executor.ExecutorFactory - Extension executors providers=[]
Oct-10 13:38:19.873 [main] DEBUG nextflow.Session - Observer factory: DefaultObserverFactory
Oct-10 13:38:19.921 [main] DEBUG nextflow.cache.CacheFactory - Using Nextflow cache factory: nextflow.cache.DefaultCacheFactory
Oct-10 13:38:19.926 [main] DEBUG nextflow.util.CustomPoolFactory - Creating virtual thread pool
Oct-10 13:38:19.967 [main] DEBUG nextflow.Session - Session start
Oct-10 13:38:19.969 [main] DEBUG nextflow.trace.TraceFileObserver - Workflow started -- trace file: /home/adoig/hb_nf_RNASeq/Diff_Abundance/secondrunwithontology20241010/pipeline_info/execution_trace_2024-10-10_13-38-19.txt
Oct-10 13:38:20.025 [main] DEBUG nextflow.script.ScriptRunner - > Launching execution
Oct-10 13:38:21.362 [main] DEBUG nextflow.script.IncludeDef - Loading included plugin extensions with names: [paramsHelp:paramsHelp]; plugin Id: nf-validation
Oct-10 13:38:21.367 [main] DEBUG nextflow.script.IncludeDef - Loading included plugin extensions with names: [paramsSummaryLog:paramsSummaryLog]; plugin Id: nf-validation
Oct-10 13:38:21.368 [main] DEBUG nextflow.script.IncludeDef - Loading included plugin extensions with names: [validateParameters:validateParameters]; plugin Id: nf-validation
Oct-10 13:38:21.369 [main] DEBUG nextflow.script.IncludeDef - Loading included plugin extensions with names: [paramsSummaryMap:paramsSummaryMap]; plugin Id: nf-validation
Oct-10 13:38:21.369 [main] DEBUG nextflow.script.IncludeDef - Loading included plugin extensions with names: [fromSamplesheet:fromSamplesheet]; plugin Id: nf-validation
Oct-10 13:38:21.467 [main] DEBUG nextflow.Nextflow - Using schema file: nextflow_schema.json
Oct-10 13:38:21.469 [main] WARN  nextflow.script.ScriptBinding - Access to undefined parameter `monochromeLogs` -- Initialise it to a default value eg. `params.monochromeLogs = some_value`
Oct-10 13:38:21.475 [main] INFO  nextflow.Nextflow - 

-[2m----------------------------------------------------[0m-
                                        [0;32m,--.[0;30m/[0;32m,-.[0m
[0;34m        ___     __   __   __   ___     [0;32m/,-._.--~'[0m
[0;34m  |\ | |__  __ /  ` /  \ |__) |__         [0;33m}  {[0m
[0;34m  | \| |       \__, \__/ |  \ |___     [0;32m\`-._,-`-,[0m
                                        [0;32m`._,._,'[0m
[0;35m  nf-core/differentialabundance v1.5.0-g3dd360f[0m
-[2m----------------------------------------------------[0m-
[1mCore Nextflow options[0m
  [0;34mrevision                    : [0;32m1.5.0[0m
  [0;34mrunName                     : [0;32mjovial_hugle[0m
  [0;34mcontainerEngine             : [0;32mdocker[0m
  [0;34mcontainer                   : [0;32m[RMARKDOWNNOTEBOOK:biocontainers/r-shinyngs:1.8.8--r43hdfd78af_0][0m
  [0;34mlaunchDir                   : [0;32m/home/adoig/Documents/GitHub/RNASeq/HB/differential_abundance/SecondHBRNASeqDiffAbun20241010[0m
  [0;34mworkDir                     : [0;32m/home/adoig/Documents/GitHub/RNASeq/HB/differential_abundance/SecondHBRNASeqDiffAbun20241010/work[0m
  [0;34mprojectDir                  : [0;32m/root/.nextflow/assets/nf-core/differentialabundance[0m
  [0;34muserName                    : [0;32mroot[0m
  [0;34mprofile                     : [0;32mdocker[0m
  [0;34mconfigFiles                 : [0;32m[0m

[1mInput/output options[0m
  [0;34mstudy_name                  : [0;32mdiff_abundance_rnaseq_hb_with_ontology[0m
  [0;34minput                       : [0;32m/home/adoig/Documents/GitHub/RNASeq/HB/differential_abundance/SecondHBRNASeqDiffAbun20241010/diff_abund_hb_rnaseq_nf_sample_sheet.csv[0m
  [0;34mcontrasts                   : [0;32m/home/adoig/Documents/GitHub/RNASeq/HB/differential_abundance/SecondHBRNASeqDiffAbun20241010/hb_rna_seq_contrasts_file.csv[0m
  [0;34moutdir                      : [0;32m/home/adoig/hb_nf_RNASeq/Diff_Abundance/secondrunwithontology20241010[0m

[1mAbundance values[0m
  [0;34mmatrix                      : [0;32m/home/adoig/hb_nf_RNASeq/output/star_salmon/salmon.merged.gene_counts.tsv[0m
  [0;34mtranscript_length_matrix    : [0;32m/home/adoig/hb_nf_RNASeq/output/star_salmon/salmon.merged.gene_lengths.tsv[0m
  [0;34maffy_cel_files_archive      : [0;32mnull[0m
  [0;34mquerygse                    : [0;32mnull[0m

[1mAffy input options[0m
  [0;34maffy_cdfname                : [0;32mnull[0m

[1mExploratory analysis[0m
  [0;34mexploratory_log2_assays     : [0;32mraw,normalised[0m

[1mDESeq2 specific options (RNA-seq only)[0m
  [0;34mdeseq2_cores                : [0;32m10[0m

[1mLimma specific options (microarray only)[0m
  [0;34mlimma_spacing               : [0;32mnull[0m
  [0;34mlimma_block                 : [0;32mnull[0m
  [0;34mlimma_correlation           : [0;32mnull[0m

[1mGSEA[0m
  [0;34mgsea_run                    : [0;32mtrue[0m

[1mgprofiler2[0m
  [0;34mgprofiler2_run              : [0;32mtrue[0m
  [0;34mgprofiler2_organism         : [0;32mhsapiens[0m
  [0;34mgprofiler2_correction_method: [0;32mgSCS[0m
  [0;34mgprofiler2_sources          : [0;32mGO,GO:MF,GO:BP,GO:CC,KEGG,REAC,WP,TF,MIRNA,HPA,CORUM,HP,[0m
  [0;34mgprofiler2_background_file  : [0;32mauto[0m

[1mShiny app settings[0m
  [0;34mshinyngs_shinyapps_account  : [0;32mnull[0m
  [0;34mshinyngs_shinyapps_app_name : [0;32mnull[0m

[1mOptions related to gene set analysis[0m
  [0;34mgene_sets_files             : [0;32m/home/adoig/referenceGenomes/c2.all.v2024.1.Hs.symbols.gmt[0m

[1mReporting options[0m
  [0;34memail                       : [0;32madoig@umass.edu[0m
  [0;34mreport_title                : [0;32mnull[0m
  [0;34mreport_author               : [0;32mnull[0m
  [0;34mreport_description          : [0;32mnull[0m

[1mReference genome options[0m
  [0;34mgtf                         : [0;32m/home/adoig/referenceGenomes/Homo_sapiens.GRCh38.112.gtf.gz[0m

!! Only displaying parameters that differ from the pipeline defaults !!
-[2m----------------------------------------------------[0m-
If you use nf-core/differentialabundance for your analysis please cite:

* The pipeline
  https://doi.org/10.5281/zenodo.7568000

* The nf-core framework
  https://doi.org/10.1038/s41587-020-0439-x

* Software dependencies
  https://github.com/nf-core/differentialabundance/blob/master/CITATIONS.md
-[2m----------------------------------------------------[0m-
Oct-10 13:38:21.476 [main] DEBUG nextflow.validation.SchemaValidator - Starting parameters validation
Oct-10 13:38:21.544 [main] DEBUG nextflow.validation.SchemaValidator - Starting validation: 'input': '/home/adoig/Documents/GitHub/RNASeq/HB/differential_abundance/SecondHBRNASeqDiffAbun20241010/diff_abund_hb_rnaseq_nf_sample_sheet.csv' with '/root/.nextflow/assets/nf-core/differentialabundance/assets/schema_input.json'
Oct-10 13:38:21.556 [main] DEBUG nextflow.validation.SchemaValidator - Validation passed: 'input': '/home/adoig/Documents/GitHub/RNASeq/HB/differential_abundance/SecondHBRNASeqDiffAbun20241010/diff_abund_hb_rnaseq_nf_sample_sheet.csv' with '/root/.nextflow/assets/nf-core/differentialabundance/assets/schema_input.json'
Oct-10 13:38:21.557 [main] DEBUG nextflow.validation.SchemaValidator - Finishing parameters validation
Oct-10 13:38:21.589 [main] DEBUG nextflow.script.ProcessConfig - Config settings `withLabel:process_single` matches labels `process_single` for process with name NFCORE_DIFFERENTIALABUNDANCE:DIFFERENTIALABUNDANCE:GUNZIP_GTF
Oct-10 13:38:21.591 [main] DEBUG nextflow.script.ProcessConfig - Config settings `withName:GUNZIP_GTF` matches process NFCORE_DIFFERENTIALABUNDANCE:DIFFERENTIALABUNDANCE:GUNZIP_GTF
Oct-10 13:38:21.595 [main] DEBUG nextflow.executor.ExecutorFactory - << taskConfig executor: null
Oct-10 13:38:21.595 [main] DEBUG nextflow.executor.ExecutorFactory - >> processorType: 'local'
Oct-10 13:38:21.598 [main] DEBUG nextflow.executor.Executor - [warm up] executor > local
Oct-10 13:38:21.601 [main] DEBUG n.processor.LocalPollingMonitor - Creating local task monitor for executor 'local' > cpus=24; memory=94.1 GB; capacity=24; pollInterval=100ms; dumpInterval=5m
Oct-10 13:38:21.603 [main] DEBUG n.processor.TaskPollingMonitor - >>> barrier register (monitor: local)
Oct-10 13:38:21.630 [main] DEBUG nextflow.script.ProcessConfig - Config settings `withLabel:process_single` matches labels `process_single` for process with name NFCORE_DIFFERENTIALABUNDANCE:DIFFERENTIALABUNDANCE:GTF_TO_TABLE
Oct-10 13:38:21.631 [main] DEBUG nextflow.script.ProcessConfig - Config settings `withName:GTF_TO_TABLE` matches process NFCORE_DIFFERENTIALABUNDANCE:DIFFERENTIALABUNDANCE:GTF_TO_TABLE
Oct-10 13:38:21.633 [main] DEBUG nextflow.executor.ExecutorFactory - << taskConfig executor: null
Oct-10 13:38:21.633 [main] DEBUG nextflow.executor.ExecutorFactory - >> processorType: 'local'
Oct-10 13:38:21.643 [main] DEBUG nextflow.script.ProcessConfig - Config settings `withLabel:process_single` matches labels `process_single` for process with name NFCORE_DIFFERENTIALABUNDANCE:DIFFERENTIALABUNDANCE:VALIDATOR
Oct-10 13:38:21.644 [main] DEBUG nextflow.script.ProcessConfig - Config settings `withName:VALIDATOR` matches process NFCORE_DIFFERENTIALABUNDANCE:DIFFERENTIALABUNDANCE:VALIDATOR
Oct-10 13:38:21.645 [main] DEBUG nextflow.executor.ExecutorFactory - << taskConfig executor: null
Oct-10 13:38:21.645 [main] DEBUG nextflow.executor.ExecutorFactory - >> processorType: 'local'
Oct-10 13:38:21.655 [main] DEBUG nextflow.script.ProcessConfig - Config settings `withLabel:process_single` matches labels `process_single` for process with name NFCORE_DIFFERENTIALABUNDANCE:DIFFERENTIALABUNDANCE:CUSTOM_MATRIXFILTER
Oct-10 13:38:21.656 [main] DEBUG nextflow.script.ProcessConfig - Config settings `withName:CUSTOM_MATRIXFILTER` matches process NFCORE_DIFFERENTIALABUNDANCE:DIFFERENTIALABUNDANCE:CUSTOM_MATRIXFILTER
Oct-10 13:38:21.658 [main] DEBUG nextflow.executor.ExecutorFactory - << taskConfig executor: null
Oct-10 13:38:21.658 [main] DEBUG nextflow.executor.ExecutorFactory - >> processorType: 'local'
Oct-10 13:38:21.666 [main] DEBUG nextflow.script.ProcessConfig - Config settings `withLabel:process_single` matches labels `process_single` for process with name NFCORE_DIFFERENTIALABUNDANCE:DIFFERENTIALABUNDANCE:DESEQ2_NORM
Oct-10 13:38:21.666 [main] DEBUG nextflow.script.ProcessConfig - Config settings `withName:DESEQ2_DIFFERENTIAL` matches process NFCORE_DIFFERENTIALABUNDANCE:DIFFERENTIALABUNDANCE:DESEQ2_NORM
Oct-10 13:38:21.667 [main] DEBUG nextflow.script.ProcessConfig - Config settings `withName:DESEQ2_NORM` matches process NFCORE_DIFFERENTIALABUNDANCE:DIFFERENTIALABUNDANCE:DESEQ2_NORM
Oct-10 13:38:21.668 [main] DEBUG nextflow.executor.ExecutorFactory - << taskConfig executor: null
Oct-10 13:38:21.668 [main] DEBUG nextflow.executor.ExecutorFactory - >> processorType: 'local'
Oct-10 13:38:21.673 [main] DEBUG nextflow.script.ProcessConfig - Config settings `withLabel:process_single` matches labels `process_single` for process with name NFCORE_DIFFERENTIALABUNDANCE:DIFFERENTIALABUNDANCE:DESEQ2_DIFFERENTIAL
Oct-10 13:38:21.673 [main] DEBUG nextflow.script.ProcessConfig - Config settings `withName:DESEQ2_DIFFERENTIAL` matches process NFCORE_DIFFERENTIALABUNDANCE:DIFFERENTIALABUNDANCE:DESEQ2_DIFFERENTIAL
Oct-10 13:38:21.675 [main] DEBUG nextflow.executor.ExecutorFactory - << taskConfig executor: null
Oct-10 13:38:21.675 [main] DEBUG nextflow.executor.ExecutorFactory - >> processorType: 'local'
Oct-10 13:38:21.683 [main] DEBUG nextflow.script.ProcessConfig - Config settings `withLabel:process_single` matches labels `process_single` for process with name NFCORE_DIFFERENTIALABUNDANCE:DIFFERENTIALABUNDANCE:FILTER_DIFFTABLE
Oct-10 13:38:21.683 [main] DEBUG nextflow.script.ProcessConfig - Config settings `withName:FILTER_DIFFTABLE` matches process NFCORE_DIFFERENTIALABUNDANCE:DIFFERENTIALABUNDANCE:FILTER_DIFFTABLE
Oct-10 13:38:21.685 [main] DEBUG nextflow.executor.ExecutorFactory - << taskConfig executor: null
Oct-10 13:38:21.685 [main] DEBUG nextflow.executor.ExecutorFactory - >> processorType: 'local'
Oct-10 13:38:21.688 [main] DEBUG nextflow.script.ProcessConfig - Config settings `withLabel:process_single` matches labels `process_single` for process with name NFCORE_DIFFERENTIALABUNDANCE:DIFFERENTIALABUNDANCE:CUSTOM_TABULARTOGSEAGCT
Oct-10 13:38:21.689 [main] DEBUG nextflow.script.ProcessConfig - Config settings `withName:CUSTOM_TABULARTOGSEAGCT` matches process NFCORE_DIFFERENTIALABUNDANCE:DIFFERENTIALABUNDANCE:CUSTOM_TABULARTOGSEAGCT
Oct-10 13:38:21.690 [main] DEBUG nextflow.executor.ExecutorFactory - << taskConfig executor: null
Oct-10 13:38:21.690 [main] DEBUG nextflow.executor.ExecutorFactory - >> processorType: 'local'
Oct-10 13:38:21.699 [main] DEBUG nextflow.script.ProcessConfig - Config settings `withLabel:process_single` matches labels `process_single` for process with name NFCORE_DIFFERENTIALABUNDANCE:DIFFERENTIALABUNDANCE:CUSTOM_TABULARTOGSEACLS
Oct-10 13:38:21.699 [main] DEBUG nextflow.script.ProcessConfig - Config settings `withName:CUSTOM_TABULARTOGSEACLS` matches process NFCORE_DIFFERENTIALABUNDANCE:DIFFERENTIALABUNDANCE:CUSTOM_TABULARTOGSEACLS
Oct-10 13:38:21.700 [main] DEBUG nextflow.executor.ExecutorFactory - << taskConfig executor: null
Oct-10 13:38:21.700 [main] DEBUG nextflow.executor.ExecutorFactory - >> processorType: 'local'
Oct-10 13:38:21.704 [main] DEBUG nextflow.script.ProcessConfig - Config settings `withLabel:process_single` matches labels `process_single` for process with name NFCORE_DIFFERENTIALABUNDANCE:DIFFERENTIALABUNDANCE:TABULAR_TO_GSEA_CHIP
Oct-10 13:38:21.704 [main] DEBUG nextflow.script.ProcessConfig - Config settings `withName:TABULAR_TO_GSEA_CHIP` matches process NFCORE_DIFFERENTIALABUNDANCE:DIFFERENTIALABUNDANCE:TABULAR_TO_GSEA_CHIP
Oct-10 13:38:21.705 [main] DEBUG nextflow.executor.ExecutorFactory - << taskConfig executor: null
Oct-10 13:38:21.705 [main] DEBUG nextflow.executor.ExecutorFactory - >> processorType: 'local'
Oct-10 13:38:21.717 [main] DEBUG nextflow.script.ProcessConfig - Config settings `withLabel:process_single` matches labels `process_single` for process with name NFCORE_DIFFERENTIALABUNDANCE:DIFFERENTIALABUNDANCE:GSEA_GSEA
Oct-10 13:38:21.718 [main] DEBUG nextflow.script.ProcessConfig - Config settings `withName:GSEA_GSEA` matches process NFCORE_DIFFERENTIALABUNDANCE:DIFFERENTIALABUNDANCE:GSEA_GSEA
Oct-10 13:38:21.721 [main] DEBUG nextflow.executor.ExecutorFactory - << taskConfig executor: null
Oct-10 13:38:21.721 [main] DEBUG nextflow.executor.ExecutorFactory - >> processorType: 'local'
Oct-10 13:38:21.734 [main] DEBUG nextflow.script.ProcessConfig - Config settings `withLabel:process_single` matches labels `process_single` for process with name NFCORE_DIFFERENTIALABUNDANCE:DIFFERENTIALABUNDANCE:GPROFILER2_GOST
Oct-10 13:38:21.735 [main] DEBUG nextflow.script.ProcessConfig - Config settings `withName:GPROFILER2_GOST` matches process NFCORE_DIFFERENTIALABUNDANCE:DIFFERENTIALABUNDANCE:GPROFILER2_GOST
Oct-10 13:38:21.736 [main] DEBUG nextflow.executor.ExecutorFactory - << taskConfig executor: null
Oct-10 13:38:21.736 [main] DEBUG nextflow.executor.ExecutorFactory - >> processorType: 'local'
Oct-10 13:38:21.756 [main] DEBUG nextflow.script.ProcessConfig - Config settings `withLabel:process_single` matches labels `process_single` for process with name NFCORE_DIFFERENTIALABUNDANCE:DIFFERENTIALABUNDANCE:PLOT_EXPLORATORY
Oct-10 13:38:21.756 [main] DEBUG nextflow.script.ProcessConfig - Config settings `withName:PLOT_EXPLORATORY` matches process NFCORE_DIFFERENTIALABUNDANCE:DIFFERENTIALABUNDANCE:PLOT_EXPLORATORY
Oct-10 13:38:21.758 [main] DEBUG nextflow.executor.ExecutorFactory - << taskConfig executor: null
Oct-10 13:38:21.758 [main] DEBUG nextflow.executor.ExecutorFactory - >> processorType: 'local'
Oct-10 13:38:21.764 [main] DEBUG nextflow.script.ProcessConfig - Config settings `withLabel:process_single` matches labels `process_single` for process with name NFCORE_DIFFERENTIALABUNDANCE:DIFFERENTIALABUNDANCE:PLOT_DIFFERENTIAL
Oct-10 13:38:21.765 [main] DEBUG nextflow.script.ProcessConfig - Config settings `withName:PLOT_DIFFERENTIAL` matches process NFCORE_DIFFERENTIALABUNDANCE:DIFFERENTIALABUNDANCE:PLOT_DIFFERENTIAL
Oct-10 13:38:21.766 [main] DEBUG nextflow.executor.ExecutorFactory - << taskConfig executor: null
Oct-10 13:38:21.766 [main] DEBUG nextflow.executor.ExecutorFactory - >> processorType: 'local'
Oct-10 13:38:21.822 [main] DEBUG nextflow.script.ProcessConfig - Config settings `withLabel:process_single` matches labels `process_single` for process with name NFCORE_DIFFERENTIALABUNDANCE:DIFFERENTIALABUNDANCE:SHINYNGS_APP
Oct-10 13:38:21.822 [main] DEBUG nextflow.script.ProcessConfig - Config settings `withName:SHINYNGS_APP` matches process NFCORE_DIFFERENTIALABUNDANCE:DIFFERENTIALABUNDANCE:SHINYNGS_APP
Oct-10 13:38:21.824 [main] DEBUG nextflow.executor.ExecutorFactory - << taskConfig executor: null
Oct-10 13:38:21.824 [main] DEBUG nextflow.executor.ExecutorFactory - >> processorType: 'local'
Oct-10 13:38:21.831 [main] DEBUG nextflow.script.ProcessConfig - Config settings `withLabel:process_low` matches labels `process_low` for process with name NFCORE_DIFFERENTIALABUNDANCE:DIFFERENTIALABUNDANCE:RMARKDOWNNOTEBOOK
Oct-10 13:38:21.832 [main] DEBUG nextflow.script.ProcessConfig - Config settings `withName:RMARKDOWNNOTEBOOK` matches process NFCORE_DIFFERENTIALABUNDANCE:DIFFERENTIALABUNDANCE:RMARKDOWNNOTEBOOK
Oct-10 13:38:21.834 [main] DEBUG nextflow.executor.ExecutorFactory - << taskConfig executor: null
Oct-10 13:38:21.834 [main] DEBUG nextflow.executor.ExecutorFactory - >> processorType: 'local'
Oct-10 13:38:21.839 [main] DEBUG nextflow.script.ProcessConfig - Config settings `withLabel:process_single` matches labels `process_single` for process with name NFCORE_DIFFERENTIALABUNDANCE:DIFFERENTIALABUNDANCE:MAKE_REPORT_BUNDLE
Oct-10 13:38:21.840 [main] DEBUG nextflow.script.ProcessConfig - Config settings `withName:MAKE_REPORT_BUNDLE` matches process NFCORE_DIFFERENTIALABUNDANCE:DIFFERENTIALABUNDANCE:MAKE_REPORT_BUNDLE
Oct-10 13:38:21.840 [main] DEBUG nextflow.executor.ExecutorFactory - << taskConfig executor: null
Oct-10 13:38:21.840 [main] DEBUG nextflow.executor.ExecutorFactory - >> processorType: 'local'
Oct-10 13:38:21.842 [main] DEBUG nextflow.Session - Config process names validation disabled as requested
Oct-10 13:38:21.843 [main] DEBUG nextflow.Session - Igniting dataflow network (31)
Oct-10 13:38:21.844 [main] DEBUG nextflow.processor.TaskProcessor - Starting process > NFCORE_DIFFERENTIALABUNDANCE:DIFFERENTIALABUNDANCE:GUNZIP_GTF
Oct-10 13:38:21.844 [main] DEBUG nextflow.processor.TaskProcessor - Starting process > NFCORE_DIFFERENTIALABUNDANCE:DIFFERENTIALABUNDANCE:GTF_TO_TABLE
Oct-10 13:38:21.844 [main] DEBUG nextflow.processor.TaskProcessor - Starting process > NFCORE_DIFFERENTIALABUNDANCE:DIFFERENTIALABUNDANCE:VALIDATOR
Oct-10 13:38:21.844 [main] DEBUG nextflow.processor.TaskProcessor - Starting process > NFCORE_DIFFERENTIALABUNDANCE:DIFFERENTIALABUNDANCE:CUSTOM_MATRIXFILTER
Oct-10 13:38:21.844 [main] DEBUG nextflow.processor.TaskProcessor - Starting process > NFCORE_DIFFERENTIALABUNDANCE:DIFFERENTIALABUNDANCE:DESEQ2_NORM
Oct-10 13:38:21.845 [main] DEBUG nextflow.processor.TaskProcessor - Starting process > NFCORE_DIFFERENTIALABUNDANCE:DIFFERENTIALABUNDANCE:DESEQ2_DIFFERENTIAL
Oct-10 13:38:21.845 [main] DEBUG nextflow.processor.TaskProcessor - Starting process > NFCORE_DIFFERENTIALABUNDANCE:DIFFERENTIALABUNDANCE:FILTER_DIFFTABLE
Oct-10 13:38:21.845 [main] DEBUG nextflow.processor.TaskProcessor - Starting process > NFCORE_DIFFERENTIALABUNDANCE:DIFFERENTIALABUNDANCE:CUSTOM_TABULARTOGSEAGCT
Oct-10 13:38:21.845 [main] DEBUG nextflow.processor.TaskProcessor - Starting process > NFCORE_DIFFERENTIALABUNDANCE:DIFFERENTIALABUNDANCE:CUSTOM_TABULARTOGSEACLS
Oct-10 13:38:21.845 [main] DEBUG nextflow.processor.TaskProcessor - Starting process > NFCORE_DIFFERENTIALABUNDANCE:DIFFERENTIALABUNDANCE:TABULAR_TO_GSEA_CHIP
Oct-10 13:38:21.845 [main] DEBUG nextflow.processor.TaskProcessor - Starting process > NFCORE_DIFFERENTIALABUNDANCE:DIFFERENTIALABUNDANCE:GSEA_GSEA
Oct-10 13:38:21.846 [main] DEBUG nextflow.processor.TaskProcessor - Starting process > NFCORE_DIFFERENTIALABUNDANCE:DIFFERENTIALABUNDANCE:GPROFILER2_GOST
Oct-10 13:38:21.846 [main] DEBUG nextflow.processor.TaskProcessor - Starting process > NFCORE_DIFFERENTIALABUNDANCE:DIFFERENTIALABUNDANCE:PLOT_EXPLORATORY
Oct-10 13:38:21.846 [main] DEBUG nextflow.processor.TaskProcessor - Starting process > NFCORE_DIFFERENTIALABUNDANCE:DIFFERENTIALABUNDANCE:PLOT_DIFFERENTIAL
Oct-10 13:38:21.846 [main] DEBUG nextflow.processor.TaskProcessor - Starting process > NFCORE_DIFFERENTIALABUNDANCE:DIFFERENTIALABUNDANCE:SHINYNGS_APP
Oct-10 13:38:21.846 [main] DEBUG nextflow.processor.TaskProcessor - Starting process > NFCORE_DIFFERENTIALABUNDANCE:DIFFERENTIALABUNDANCE:RMARKDOWNNOTEBOOK
Oct-10 13:38:21.846 [main] DEBUG nextflow.processor.TaskProcessor - Starting process > NFCORE_DIFFERENTIALABUNDANCE:DIFFERENTIALABUNDANCE:MAKE_REPORT_BUNDLE
Oct-10 13:38:21.847 [main] DEBUG nextflow.script.ScriptRunner - Parsed script files:
  Script_8258fa18ec202f1e: /root/.nextflow/assets/nf-core/differentialabundance/./workflows/../modules/nf-core/geoquery/getgeo/main.nf
  Script_39477ad83fb0b64c: /root/.nextflow/assets/nf-core/differentialabundance/./workflows/../modules/nf-core/shinyngs/validatefomcomponents/main.nf
  Script_a9670c657bdfaa03: /root/.nextflow/assets/nf-core/differentialabundance/./workflows/../modules/local/tabular_to_gsea_chip.nf
  Script_36fafb73beaa89a0: /root/.nextflow/assets/nf-core/differentialabundance/./workflows/../modules/nf-core/rmarkdownnotebook/main.nf
  Script_8ee0fd101dbd833b: /root/.nextflow/assets/nf-core/differentialabundance/./workflows/../modules/nf-core/affy/justrma/main.nf
  Script_1a6661f1fced92e0: /root/.nextflow/assets/nf-core/differentialabundance/./workflows/../modules/nf-core/rmarkdownnotebook/./parametrize.nf
  Script_34a6e65ee7dbdbe0: /root/.nextflow/assets/nf-core/differentialabundance/./subworkflows/local/utils_nfcore_differentialabundance_pipeline/../../nf-core/utils_nextflow_pipeline/main.nf
  Script_bafd4f6133491d0f: /root/.nextflow/assets/nf-core/differentialabundance/./workflows/../modules/nf-core/shinyngs/staticdifferential/main.nf
  Script_a7d371fe23db7aab: /root/.nextflow/assets/nf-core/differentialabundance/./subworkflows/local/utils_nfcore_differentialabundance_pipeline/../../nf-core/utils_nfvalidation_plugin/main.nf
  Script_c63935800235d9c0: /root/.nextflow/assets/nf-core/differentialabundance/./subworkflows/local/utils_nfcore_differentialabundance_pipeline/main.nf
  Script_a5126eab0613c381: /root/.nextflow/assets/nf-core/differentialabundance/./workflows/../modules/nf-core/deseq2/differential/main.nf
  Script_079385570c0cda9d: /root/.nextflow/assets/nf-core/differentialabundance/./workflows/../modules/nf-core/untar/main.nf
  Script_63f6ac99b9c9bbc2: /root/.nextflow/assets/nf-core/differentialabundance/./workflows/../modules/local/filter_difftable.nf
  Script_d37e479fa813e5e8: /root/.nextflow/assets/nf-core/differentialabundance/./workflows/../modules/nf-core/limma/differential/main.nf
  Script_093abf1f9a9fe1dc: /root/.nextflow/assets/nf-core/differentialabundance/./workflows/../modules/nf-core/gsea/gsea/main.nf
  Script_1de0686350b034d1: /root/.nextflow/assets/nf-core/differentialabundance/./workflows/../modules/nf-core/shinyngs/app/main.nf
  Script_9a9735536805ee91: /root/.nextflow/assets/nf-core/differentialabundance/./subworkflows/local/utils_nfcore_differentialabundance_pipeline/../../nf-core/utils_nfcore_pipeline/main.nf
  Script_f291caf4f7573aca: /root/.nextflow/assets/nf-core/differentialabundance/./workflows/../modules/nf-core/custom/tabulartogseagct/main.nf
  Script_d0d1844e89e24699: /root/.nextflow/assets/nf-core/differentialabundance/./workflows/../modules/nf-core/custom/matrixfilter/main.nf
  Script_7b0c4e6dccde5100: /root/.nextflow/assets/nf-core/differentialabundance/./workflows/../modules/nf-core/gprofiler2/gost/main.nf
  Script_f0eb18bd7a6960bd: /root/.nextflow/assets/nf-core/differentialabundance/./workflows/../modules/nf-core/atlasgeneannotationmanipulation/gtf2featureannotation/main.nf
  Script_66c2d317d61bb7e6: /root/.nextflow/assets/nf-core/differentialabundance/./workflows/differentialabundance.nf
  Script_3dd879ac70e9c231: /root/.nextflow/assets/nf-core/differentialabundance/./workflows/../modules/nf-core/proteus/readproteingroups/main.nf
  Script_7250e6dbcf65d3e7: /root/.nextflow/assets/nf-core/differentialabundance/./workflows/../modules/nf-core/shinyngs/staticexploratory/main.nf
  Script_b4abc93ac1f4bba3: /root/.nextflow/assets/nf-core/differentialabundance/./workflows/../modules/nf-core/zip/main.nf
  Script_a71c717f63173976: /root/.nextflow/assets/nf-core/differentialabundance/./workflows/../modules/nf-core/gunzip/main.nf
  Script_516a401f649aa0e6: /root/.nextflow/assets/nf-core/differentialabundance/./workflows/../modules/nf-core/custom/tabulartogseacls/main.nf
  Script_2e031fa02c9ff5d2: /root/.nextflow/assets/nf-core/differentialabundance/main.nf
Oct-10 13:38:21.847 [main] DEBUG nextflow.script.ScriptRunner - > Awaiting termination 
Oct-10 13:38:21.847 [main] DEBUG nextflow.Session - Session await
Oct-10 13:38:21.938 [Task submitter] DEBUG n.executor.local.LocalTaskHandler - Launch cmd line: /bin/bash -ue .command.run
Oct-10 13:38:21.939 [Task submitter] INFO  nextflow.Session - [bf/1b2219] Submitted process > NFCORE_DIFFERENTIALABUNDANCE:DIFFERENTIALABUNDANCE:GUNZIP_GTF (Homo_sapiens.GRCh38.112.gtf.gz)
Oct-10 13:38:25.617 [Task monitor] DEBUG n.processor.TaskPollingMonitor - Task completed > TaskHandler[id: 1; name: NFCORE_DIFFERENTIALABUNDANCE:DIFFERENTIALABUNDANCE:GUNZIP_GTF (Homo_sapiens.GRCh38.112.gtf.gz); status: COMPLETED; exit: 0; error: -; workDir: /home/adoig/Documents/GitHub/RNASeq/HB/differential_abundance/SecondHBRNASeqDiffAbun20241010/work/bf/1b221915d3e16261ef53d74daae3c7]
Oct-10 13:38:25.639 [Task submitter] DEBUG n.executor.local.LocalTaskHandler - Launch cmd line: /bin/bash -ue .command.run
Oct-10 13:38:25.640 [Task submitter] INFO  nextflow.Session - [fa/098f42] Submitted process > NFCORE_DIFFERENTIALABUNDANCE:DIFFERENTIALABUNDANCE:GTF_TO_TABLE (Homo_sapiens)
Oct-10 13:38:33.069 [Task monitor] DEBUG n.processor.TaskPollingMonitor - Task completed > TaskHandler[id: 2; name: NFCORE_DIFFERENTIALABUNDANCE:DIFFERENTIALABUNDANCE:GTF_TO_TABLE (Homo_sapiens); status: COMPLETED; exit: 0; error: -; workDir: /home/adoig/Documents/GitHub/RNASeq/HB/differential_abundance/SecondHBRNASeqDiffAbun20241010/work/fa/098f421d2a8e7a320e9433a73a8162]
Oct-10 13:38:33.111 [TaskFinalizer-2] DEBUG nextflow.processor.TaskProcessor - Process NFCORE_DIFFERENTIALABUNDANCE:DIFFERENTIALABUNDANCE:GTF_TO_TABLE > Skipping output binding because one or more optional files are missing: fileoutparam<1:1>
Oct-10 13:38:33.123 [Task submitter] DEBUG n.executor.local.LocalTaskHandler - Launch cmd line: /bin/bash -ue .command.run
Oct-10 13:38:33.124 [Task submitter] INFO  nextflow.Session - [ac/b4660a] Submitted process > NFCORE_DIFFERENTIALABUNDANCE:DIFFERENTIALABUNDANCE:VALIDATOR (diff_abund_hb_rnaseq_nf_sample_sheet.csv)
Oct-10 13:38:41.749 [Task monitor] DEBUG n.processor.TaskPollingMonitor - Task completed > TaskHandler[id: 3; name: NFCORE_DIFFERENTIALABUNDANCE:DIFFERENTIALABUNDANCE:VALIDATOR (diff_abund_hb_rnaseq_nf_sample_sheet.csv); status: COMPLETED; exit: 0; error: -; workDir: /home/adoig/Documents/GitHub/RNASeq/HB/differential_abundance/SecondHBRNASeqDiffAbun20241010/work/ac/b4660a870fbc660a7c2f680f09c307]
Oct-10 13:38:41.763 [Task submitter] DEBUG n.executor.local.LocalTaskHandler - Launch cmd line: /bin/bash -ue .command.run
Oct-10 13:38:41.763 [Task submitter] INFO  nextflow.Session - [57/fc011c] Submitted process > NFCORE_DIFFERENTIALABUNDANCE:DIFFERENTIALABUNDANCE:TABULAR_TO_GSEA_CHIP (1)
Oct-10 13:38:41.776 [Task submitter] DEBUG n.executor.local.LocalTaskHandler - Launch cmd line: /bin/bash -ue .command.run
Oct-10 13:38:41.776 [Task submitter] INFO  nextflow.Session - [f7/11ae8c] Submitted process > NFCORE_DIFFERENTIALABUNDANCE:DIFFERENTIALABUNDANCE:CUSTOM_TABULARTOGSEACLS (UCHL5_knockout)
Oct-10 13:38:41.805 [Task submitter] DEBUG n.executor.local.LocalTaskHandler - Launch cmd line: /bin/bash -ue .command.run
Oct-10 13:38:41.805 [Task submitter] INFO  nextflow.Session - [ab/dca28e] Submitted process > NFCORE_DIFFERENTIALABUNDANCE:DIFFERENTIALABUNDANCE:CUSTOM_MATRIXFILTER ([id:diff_abundance_rnaseq_hb_with_ontology])
Oct-10 13:38:42.285 [Task monitor] DEBUG n.processor.TaskPollingMonitor - Task completed > TaskHandler[id: 6; name: NFCORE_DIFFERENTIALABUNDANCE:DIFFERENTIALABUNDANCE:CUSTOM_TABULARTOGSEACLS (UCHL5_knockout); status: COMPLETED; exit: 0; error: -; workDir: /home/adoig/Documents/GitHub/RNASeq/HB/differential_abundance/SecondHBRNASeqDiffAbun20241010/work/f7/11ae8c7e4862ad920213311daf7080]
Oct-10 13:38:43.241 [Task monitor] DEBUG n.processor.TaskPollingMonitor - Task completed > TaskHandler[id: 5; name: NFCORE_DIFFERENTIALABUNDANCE:DIFFERENTIALABUNDANCE:TABULAR_TO_GSEA_CHIP (1); status: COMPLETED; exit: 0; error: -; workDir: /home/adoig/Documents/GitHub/RNASeq/HB/differential_abundance/SecondHBRNASeqDiffAbun20241010/work/57/fc011cca35fc6bc096494f3a2873c7]
Oct-10 13:38:43.324 [Task monitor] DEBUG n.processor.TaskPollingMonitor - Task completed > TaskHandler[id: 4; name: NFCORE_DIFFERENTIALABUNDANCE:DIFFERENTIALABUNDANCE:CUSTOM_MATRIXFILTER ([id:diff_abundance_rnaseq_hb_with_ontology]); status: COMPLETED; exit: 0; error: -; workDir: /home/adoig/Documents/GitHub/RNASeq/HB/differential_abundance/SecondHBRNASeqDiffAbun20241010/work/ab/dca28ec793d89fe874c854de95831e]
Oct-10 13:38:43.356 [Task submitter] DEBUG n.executor.local.LocalTaskHandler - Launch cmd line: /bin/bash -ue .command.run
Oct-10 13:38:43.356 [Task submitter] INFO  nextflow.Session - [3b/76041b] Submitted process > NFCORE_DIFFERENTIALABUNDANCE:DIFFERENTIALABUNDANCE:DESEQ2_DIFFERENTIAL ([id:UCHL5_knockout, variable:condition, reference:control, target:treated, blocking:])
Oct-10 13:38:43.363 [Task submitter] DEBUG n.executor.local.LocalTaskHandler - Launch cmd line: /bin/bash -ue .command.run
Oct-10 13:38:43.363 [Task submitter] INFO  nextflow.Session - [21/d11f07] Submitted process > NFCORE_DIFFERENTIALABUNDANCE:DIFFERENTIALABUNDANCE:DESEQ2_NORM ([id:UCHL5_knockout, variable:condition, reference:control, target:treated, blocking:])
Oct-10 13:38:57.537 [Task monitor] DEBUG n.processor.TaskPollingMonitor - Task completed > TaskHandler[id: 8; name: NFCORE_DIFFERENTIALABUNDANCE:DIFFERENTIALABUNDANCE:DESEQ2_NORM ([id:UCHL5_knockout, variable:condition, reference:control, target:treated, blocking:]); status: COMPLETED; exit: 0; error: -; workDir: /home/adoig/Documents/GitHub/RNASeq/HB/differential_abundance/SecondHBRNASeqDiffAbun20241010/work/21/d11f07e579f72628dbf15286dede32]
Oct-10 13:38:57.547 [TaskFinalizer-7] DEBUG nextflow.processor.TaskProcessor - Process NFCORE_DIFFERENTIALABUNDANCE:DIFFERENTIALABUNDANCE:DESEQ2_NORM > Skipping output binding because one or more optional files are missing: fileoutparam<5:1>
Oct-10 13:38:57.561 [Task submitter] DEBUG n.executor.local.LocalTaskHandler - Launch cmd line: /bin/bash -ue .command.run
Oct-10 13:38:57.561 [Task submitter] INFO  nextflow.Session - [87/daccbe] Submitted process > NFCORE_DIFFERENTIALABUNDANCE:DIFFERENTIALABUNDANCE:CUSTOM_TABULARTOGSEAGCT (UCHL5_knockout)
Oct-10 13:38:57.564 [Task submitter] DEBUG n.executor.local.LocalTaskHandler - Launch cmd line: /bin/bash -ue .command.run
Oct-10 13:38:57.564 [Task submitter] INFO  nextflow.Session - [60/f7c198] Submitted process > NFCORE_DIFFERENTIALABUNDANCE:DIFFERENTIALABUNDANCE:PLOT_EXPLORATORY (condition)
Oct-10 13:38:57.851 [Task monitor] DEBUG n.processor.TaskPollingMonitor - Task completed > TaskHandler[id: 7; name: NFCORE_DIFFERENTIALABUNDANCE:DIFFERENTIALABUNDANCE:DESEQ2_DIFFERENTIAL ([id:UCHL5_knockout, variable:condition, reference:control, target:treated, blocking:]); status: COMPLETED; exit: 0; error: -; workDir: /home/adoig/Documents/GitHub/RNASeq/HB/differential_abundance/SecondHBRNASeqDiffAbun20241010/work/3b/76041bf1a1e0fee328bd044c35042c]
Oct-10 13:38:57.857 [TaskFinalizer-8] DEBUG nextflow.processor.TaskProcessor - Process NFCORE_DIFFERENTIALABUNDANCE:DIFFERENTIALABUNDANCE:DESEQ2_DIFFERENTIAL > Skipping output binding because one or more optional files are missing: fileoutparam<5:1>
Oct-10 13:38:57.862 [Actor Thread 387] DEBUG nextflow.file.FileCollector - Deleting file collector temp dir: /tmp/nxf-7088071098061516760
Oct-10 13:38:57.868 [Task submitter] DEBUG n.executor.local.LocalTaskHandler - Launch cmd line: /bin/bash -ue .command.run
Oct-10 13:38:57.868 [Task submitter] INFO  nextflow.Session - [a7/6a8dca] Submitted process > NFCORE_DIFFERENTIALABUNDANCE:DIFFERENTIALABUNDANCE:PLOT_DIFFERENTIAL (UCHL5_knockout)
Oct-10 13:38:57.871 [Task submitter] DEBUG n.executor.local.LocalTaskHandler - Launch cmd line: /bin/bash -ue .command.run
Oct-10 13:38:57.872 [Task submitter] INFO  nextflow.Session - [1d/50b48d] Submitted process > NFCORE_DIFFERENTIALABUNDANCE:DIFFERENTIALABUNDANCE:FILTER_DIFFTABLE (1)
Oct-10 13:38:57.875 [Task submitter] DEBUG n.executor.local.LocalTaskHandler - Launch cmd line: /bin/bash -ue .command.run
Oct-10 13:38:57.875 [Task submitter] INFO  nextflow.Session - [b3/05636d] Submitted process > NFCORE_DIFFERENTIALABUNDANCE:DIFFERENTIALABUNDANCE:SHINYNGS_APP (diff_abundance_rnaseq_hb_with_ontology)
Oct-10 13:38:58.126 [Task monitor] DEBUG n.processor.TaskPollingMonitor - Task completed > TaskHandler[id: 9; name: NFCORE_DIFFERENTIALABUNDANCE:DIFFERENTIALABUNDANCE:CUSTOM_TABULARTOGSEAGCT (UCHL5_knockout); status: COMPLETED; exit: 0; error: -; workDir: /home/adoig/Documents/GitHub/RNASeq/HB/differential_abundance/SecondHBRNASeqDiffAbun20241010/work/87/daccbe61de69806bac90d18ebf3eee]
Oct-10 13:38:58.142 [Task submitter] DEBUG n.executor.local.LocalTaskHandler - Launch cmd line: /bin/bash -ue .command.run
Oct-10 13:38:58.142 [Task submitter] INFO  nextflow.Session - [08/103a85] Submitted process > NFCORE_DIFFERENTIALABUNDANCE:DIFFERENTIALABUNDANCE:GSEA_GSEA (UCHL5_knockout)
Oct-10 13:38:58.848 [Task monitor] DEBUG n.processor.TaskPollingMonitor - Task completed > TaskHandler[id: 12; name: NFCORE_DIFFERENTIALABUNDANCE:DIFFERENTIALABUNDANCE:FILTER_DIFFTABLE (1); status: COMPLETED; exit: 0; error: -; workDir: /home/adoig/Documents/GitHub/RNASeq/HB/differential_abundance/SecondHBRNASeqDiffAbun20241010/work/1d/50b48d9cd62083f1e96a5f19cd7c6e]
Oct-10 13:38:58.882 [Task submitter] DEBUG n.executor.local.LocalTaskHandler - Launch cmd line: /bin/bash -ue .command.run
Oct-10 13:38:58.883 [Task submitter] INFO  nextflow.Session - [10/b23275] Submitted process > NFCORE_DIFFERENTIALABUNDANCE:DIFFERENTIALABUNDANCE:GPROFILER2_GOST (UCHL5_knockout)
Oct-10 13:39:06.295 [Task monitor] DEBUG n.processor.TaskPollingMonitor - Task completed > TaskHandler[id: 11; name: NFCORE_DIFFERENTIALABUNDANCE:DIFFERENTIALABUNDANCE:PLOT_DIFFERENTIAL (UCHL5_knockout); status: COMPLETED; exit: 0; error: -; workDir: /home/adoig/Documents/GitHub/RNASeq/HB/differential_abundance/SecondHBRNASeqDiffAbun20241010/work/a7/6a8dca603b56c58a2652c8d91956e5]
Oct-10 13:39:06.299 [TaskFinalizer-11] DEBUG nextflow.processor.TaskProcessor - Process NFCORE_DIFFERENTIALABUNDANCE:DIFFERENTIALABUNDANCE:PLOT_DIFFERENTIAL > Skipping output binding because one or more optional files are missing: fileoutparam<1:1>
Oct-10 13:39:07.324 [Task monitor] DEBUG n.processor.TaskPollingMonitor - Task completed > TaskHandler[id: 13; name: NFCORE_DIFFERENTIALABUNDANCE:DIFFERENTIALABUNDANCE:SHINYNGS_APP (diff_abundance_rnaseq_hb_with_ontology); status: COMPLETED; exit: 0; error: -; workDir: /home/adoig/Documents/GitHub/RNASeq/HB/differential_abundance/SecondHBRNASeqDiffAbun20241010/work/b3/05636dd56329396e2eb0e56e808498]
Oct-10 13:39:09.223 [Task monitor] DEBUG n.processor.TaskPollingMonitor - Task completed > TaskHandler[id: 10; name: NFCORE_DIFFERENTIALABUNDANCE:DIFFERENTIALABUNDANCE:PLOT_EXPLORATORY (condition); status: COMPLETED; exit: 0; error: -; workDir: /home/adoig/Documents/GitHub/RNASeq/HB/differential_abundance/SecondHBRNASeqDiffAbun20241010/work/60/f7c198533b19ff5d52b77aaf31cfb0]
Oct-10 13:39:09.232 [TaskFinalizer-13] DEBUG nextflow.processor.TaskProcessor - Process NFCORE_DIFFERENTIALABUNDANCE:DIFFERENTIALABUNDANCE:PLOT_EXPLORATORY > Skipping output binding because one or more optional files are missing: fileoutparam<1:1>
Oct-10 13:39:09.232 [TaskFinalizer-13] DEBUG nextflow.processor.TaskProcessor - Process NFCORE_DIFFERENTIALABUNDANCE:DIFFERENTIALABUNDANCE:PLOT_EXPLORATORY > Skipping output binding because one or more optional files are missing: fileoutparam<3:1>
Oct-10 13:39:09.232 [TaskFinalizer-13] DEBUG nextflow.processor.TaskProcessor - Process NFCORE_DIFFERENTIALABUNDANCE:DIFFERENTIALABUNDANCE:PLOT_EXPLORATORY > Skipping output binding because one or more optional files are missing: fileoutparam<5:1>
Oct-10 13:39:09.232 [TaskFinalizer-13] DEBUG nextflow.processor.TaskProcessor - Process NFCORE_DIFFERENTIALABUNDANCE:DIFFERENTIALABUNDANCE:PLOT_EXPLORATORY > Skipping output binding because one or more optional files are missing: fileoutparam<7:1>
Oct-10 13:39:09.232 [TaskFinalizer-13] DEBUG nextflow.processor.TaskProcessor - Process NFCORE_DIFFERENTIALABUNDANCE:DIFFERENTIALABUNDANCE:PLOT_EXPLORATORY > Skipping output binding because one or more optional files are missing: fileoutparam<9:1>
Oct-10 13:40:17.524 [Task monitor] DEBUG n.processor.TaskPollingMonitor - Task completed > TaskHandler[id: 15; name: NFCORE_DIFFERENTIALABUNDANCE:DIFFERENTIALABUNDANCE:GPROFILER2_GOST (UCHL5_knockout); status: COMPLETED; exit: 0; error: -; workDir: /home/adoig/Documents/GitHub/RNASeq/HB/differential_abundance/SecondHBRNASeqDiffAbun20241010/work/10/b23275a89e87e1ddbd8dab2c5472a3]
Oct-10 13:42:34.055 [Task monitor] DEBUG n.processor.TaskPollingMonitor - Task completed > TaskHandler[id: 14; name: NFCORE_DIFFERENTIALABUNDANCE:DIFFERENTIALABUNDANCE:GSEA_GSEA (UCHL5_knockout); status: COMPLETED; exit: 0; error: -; workDir: /home/adoig/Documents/GitHub/RNASeq/HB/differential_abundance/SecondHBRNASeqDiffAbun20241010/work/08/103a85566d3bb6e08ed208eef14888]
Oct-10 13:42:34.109 [TaskFinalizer-15] DEBUG nextflow.processor.TaskProcessor - Process NFCORE_DIFFERENTIALABUNDANCE:DIFFERENTIALABUNDANCE:GSEA_GSEA > Skipping output binding because one or more optional files are missing: fileoutparam<20:1>
Oct-10 13:42:34.170 [Actor Thread 513] DEBUG nextflow.sort.BigSort - Sort completed -- entries: 9; slices: 1; internal sort time: 0.007 s; external sort time: 0.001 s; total time: 0.008 s
Oct-10 13:42:34.175 [Actor Thread 513] DEBUG nextflow.file.FileCollector - Saved collect-files list to: /home/adoig/Documents/GitHub/RNASeq/HB/differential_abundance/SecondHBRNASeqDiffAbun20241010/work/collect-file/467bb3084776559b3d4f3c2cb14c9c93
Oct-10 13:42:34.177 [Actor Thread 513] DEBUG nextflow.file.FileCollector - Deleting file collector temp dir: /tmp/nxf-18386833628138972942
Oct-10 13:42:34.199 [Actor Thread 530] DEBUG nextflow.util.HashBuilder - Hash asset file sha-256: /root/.nextflow/assets/nf-core/differentialabundance/assets/differentialabundance_report.Rmd
Oct-10 13:42:34.203 [Actor Thread 530] DEBUG nextflow.util.HashBuilder - Hash asset file sha-256: /root/.nextflow/assets/nf-core/differentialabundance/docs/images/nf-core-differentialabundance_logo_light.png
Oct-10 13:42:34.204 [Actor Thread 530] DEBUG nextflow.util.HashBuilder - Hash asset file sha-256: /root/.nextflow/assets/nf-core/differentialabundance/assets/nf-core_style.css
Oct-10 13:42:34.205 [Actor Thread 530] DEBUG nextflow.util.HashBuilder - Hash asset file sha-256: /root/.nextflow/assets/nf-core/differentialabundance/CITATIONS.md
Oct-10 13:42:34.215 [Task submitter] DEBUG n.executor.local.LocalTaskHandler - Launch cmd line: /bin/bash -ue .command.run
Oct-10 13:42:34.215 [Task submitter] INFO  nextflow.Session - [34/7314f7] Submitted process > NFCORE_DIFFERENTIALABUNDANCE:DIFFERENTIALABUNDANCE:RMARKDOWNNOTEBOOK (diff_abundance_rnaseq_hb_with_ontology)
Oct-10 13:42:48.382 [Task monitor] DEBUG n.processor.TaskPollingMonitor - Task completed > TaskHandler[id: 16; name: NFCORE_DIFFERENTIALABUNDANCE:DIFFERENTIALABUNDANCE:RMARKDOWNNOTEBOOK (diff_abundance_rnaseq_hb_with_ontology); status: COMPLETED; exit: 0; error: -; workDir: /home/adoig/Documents/GitHub/RNASeq/HB/differential_abundance/SecondHBRNASeqDiffAbun20241010/work/34/7314f7aa6072de060dc7d65fe14c3f]
Oct-10 13:42:48.386 [TaskFinalizer-16] DEBUG nextflow.processor.TaskProcessor - Process NFCORE_DIFFERENTIALABUNDANCE:DIFFERENTIALABUNDANCE:RMARKDOWNNOTEBOOK > Skipping output binding because one or more optional files are missing: fileoutparam<2:1>
Oct-10 13:42:48.401 [Task submitter] DEBUG n.executor.local.LocalTaskHandler - Launch cmd line: /bin/bash -ue .command.run
Oct-10 13:42:48.401 [Task submitter] INFO  nextflow.Session - [03/88cf6b] Submitted process > NFCORE_DIFFERENTIALABUNDANCE:DIFFERENTIALABUNDANCE:MAKE_REPORT_BUNDLE (diff_abundance_rnaseq_hb_with_ontology)
Oct-10 13:42:49.756 [Task monitor] DEBUG n.processor.TaskPollingMonitor - Task completed > TaskHandler[id: 17; name: NFCORE_DIFFERENTIALABUNDANCE:DIFFERENTIALABUNDANCE:MAKE_REPORT_BUNDLE (diff_abundance_rnaseq_hb_with_ontology); status: COMPLETED; exit: 0; error: -; workDir: /home/adoig/Documents/GitHub/RNASeq/HB/differential_abundance/SecondHBRNASeqDiffAbun20241010/work/03/88cf6b6b72783ef46b160c8b124867]
Oct-10 13:42:49.759 [main] DEBUG nextflow.Session - Session await > all processes finished
Oct-10 13:42:49.857 [Task monitor] DEBUG n.processor.TaskPollingMonitor - <<< barrier arrives (monitor: local) - terminating tasks monitor poll loop
Oct-10 13:42:49.858 [main] DEBUG nextflow.Session - Session await > all barriers passed
Oct-10 13:42:49.860 [main] DEBUG nextflow.util.ThreadPoolManager - Thread pool 'TaskFinalizer' shutdown completed (hard=false)
Oct-10 13:42:49.860 [main] DEBUG nextflow.util.ThreadPoolManager - Thread pool 'PublishDir' shutdown completed (hard=false)
Oct-10 13:42:49.863 [main] DEBUG n.trace.WorkflowStatsObserver - Workflow completed > WorkflowStats[succeededCount=17; failedCount=0; ignoredCount=0; cachedCount=0; pendingCount=0; submittedCount=0; runningCount=0; retriesCount=0; abortedCount=0; succeedDuration=6m 37s; failedDuration=0ms; cachedDuration=0ms;loadCpus=0; loadMemory=0; peakRunning=5; peakCpus=5; peakMemory=48 GB; ]
Oct-10 13:42:49.863 [main] DEBUG nextflow.trace.TraceFileObserver - Workflow completed -- saving trace file
Oct-10 13:42:49.864 [main] DEBUG nextflow.trace.ReportObserver - Workflow completed -- rendering execution report
Oct-10 13:42:50.247 [main] DEBUG nextflow.trace.TimelineObserver - Workflow completed -- rendering execution timeline
Oct-10 13:42:50.440 [main] DEBUG nextflow.cache.CacheDB - Closing CacheDB done
Oct-10 13:42:50.446 [main] INFO  org.pf4j.AbstractPluginManager - Stop plugin 'nf-validation@1.1.3'
Oct-10 13:42:50.446 [main] DEBUG nextflow.plugin.BasePlugin - Plugin stopped nf-validation
Oct-10 13:42:50.446 [main] DEBUG nextflow.util.ThreadPoolManager - Thread pool 'FileTransfer' shutdown completed (hard=false)
Oct-10 13:42:50.446 [main] DEBUG nextflow.script.ScriptRunner - > Execution complete -- Goodbye
